<?xml version="1.0" encoding="UTF-8"?>
<testng-results skipped="0" failed="0" total="1" passed="1">
  <reporter-output>
  </reporter-output>
  <suite name="cz.fi.muni.pa165.BookDAOTest" duration-ms="3919" started-at="2014-10-10T10:56:17Z" finished-at="2014-10-10T10:56:21Z">
    <groups>
    </groups>
    <test name="Command line test" duration-ms="3919" started-at="2014-10-10T10:56:17Z" finished-at="2014-10-10T10:56:21Z">
      <class name="cz.fi.muni.pa165.BookDAOTest">
        <test-method status="PASS" signature="springTestContextBeforeTestClass()[pri:0, instance:cz.fi.muni.pa165.BookDAOTest@417858a9]" name="springTestContextBeforeTestClass" is-config="true" duration-ms="9" started-at="2014-10-10T12:56:17Z" finished-at="2014-10-10T12:56:17Z">
          <reporter-output>
          </reporter-output>
        </test-method> <!-- springTestContextBeforeTestClass -->
        <test-method status="PASS" signature="springTestContextPrepareTestInstance()[pri:0, instance:cz.fi.muni.pa165.BookDAOTest@417858a9]" name="springTestContextPrepareTestInstance" is-config="true" duration-ms="3229" started-at="2014-10-10T12:56:17Z" depends-on-methods="org.springframework.test.context.testng.AbstractTestNGSpringContextTests.springTestContextBeforeTestClass" finished-at="2014-10-10T12:56:20Z">
          <reporter-output>
          </reporter-output>
        </test-method> <!-- springTestContextPrepareTestInstance -->
        <test-method status="PASS" signature="springTestContextBeforeTestMethod(java.lang.reflect.Method)[pri:0, instance:cz.fi.muni.pa165.BookDAOTest@417858a9]" name="springTestContextBeforeTestMethod" is-config="true" duration-ms="1" started-at="2014-10-10T12:56:20Z" finished-at="2014-10-10T12:56:20Z">
          <params>
            <param index="0">
              <value>
                <![CDATA[public void cz.fi.muni.pa165.BookDAOTest.test()]]>
              </value>
            </param>
          </params>
          <reporter-output>
          </reporter-output>
        </test-method> <!-- springTestContextBeforeTestMethod -->
        <test-method status="PASS" signature="setup()[pri:0, instance:cz.fi.muni.pa165.BookDAOTest@417858a9]" name="setup" is-config="true" duration-ms="140" started-at="2014-10-10T12:56:20Z" finished-at="2014-10-10T12:56:20Z">
          <reporter-output>
          </reporter-output>
        </test-method> <!-- setup -->
        <test-method status="PASS" signature="test()[pri:0, instance:cz.fi.muni.pa165.BookDAOTest@417858a9]" name="test" duration-ms="2" started-at="2014-10-10T12:56:20Z" finished-at="2014-10-10T12:56:20Z">
          <reporter-output>
          </reporter-output>
        </test-method> <!-- test -->
        <test-method status="PASS" signature="springTestContextAfterTestMethod(java.lang.reflect.Method)[pri:0, instance:cz.fi.muni.pa165.BookDAOTest@417858a9]" name="springTestContextAfterTestMethod" is-config="true" duration-ms="526" started-at="2014-10-10T12:56:20Z" finished-at="2014-10-10T12:56:21Z">
          <params>
            <param index="0">
              <value>
                <![CDATA[public void cz.fi.muni.pa165.BookDAOTest.test()]]>
              </value>
            </param>
          </params>
          <reporter-output>
          </reporter-output>
        </test-method> <!-- springTestContextAfterTestMethod -->
        <test-method status="PASS" signature="springTestContextAfterTestClass()[pri:0, instance:cz.fi.muni.pa165.BookDAOTest@417858a9]" name="springTestContextAfterTestClass" is-config="true" duration-ms="0" started-at="2014-10-10T12:56:21Z" finished-at="2014-10-10T12:56:21Z">
          <reporter-output>
          </reporter-output>
        </test-method> <!-- springTestContextAfterTestClass -->
      </class> <!-- cz.fi.muni.pa165.BookDAOTest -->
    </test> <!-- Command line test -->
  </suite> <!-- cz.fi.muni.pa165.BookDAOTest -->
</testng-results>
