<?xml version="1.0" encoding="UTF-8"?>
<!-- Generated by org.testng.reporters.JUnitXMLReporter -->
<testsuite hostname="cll" name="Command line test" tests="9" failures="0" timestamp="10 Oct 2014 22:10:30 GMT" time="12.72" errors="0">
  <testcase name="testDelete" time="0.223" classname="cz.fi.muni.pa165.BookDAOTest"/>
  <testcase name="testFind" time="0.02" classname="cz.fi.muni.pa165.BookDAOTest"/>
  <testcase name="testFindBooksByAuthor" time="0.022" classname="cz.fi.muni.pa165.BookDAOTest"/>
  <testcase name="testFindBooksByDepertment" time="0.017" classname="cz.fi.muni.pa165.BookDAOTest"/>
  <testcase name="testFindBooksByISBN" time="0.013" classname="cz.fi.muni.pa165.BookDAOTest"/>
  <testcase name="testFindBooksByName" time="0.014" classname="cz.fi.muni.pa165.BookDAOTest"/>
  <testcase name="testInsert" time="0.011" classname="cz.fi.muni.pa165.BookDAOTest"/>
  <testcase name="testUpdate" time="0.04" classname="cz.fi.muni.pa165.BookDAOTest"/>
  <testcase name="test" time="0.024" classname="cz.fi.muni.pa165.PrintedBookDAOTest"/>
</testsuite> <!-- Command line test -->
